kotlin version: 2.0.0
error message: Incremental compilation failed: The following FqNames can't be derived from DirtyData.dirtyLookupSymbols: com.example.calculatorapp.constants.InfrastructureConstants.
DirtyData = DirtyData(dirtyLookupSymbols=[LookupSymbol(name=NUMBER_WITH_REST, scope=com.example.calculatorapp.constants.CalculatorConstants.Companion), LookupSymbol(name=NUMBER_WITHOUT_REST, scope=com.example.calculatorapp.constants.CalculatorConstants.Companion), LookupSymbol(name=Companion, scope=com.example.calculatorapp.constants.InfrastructureConstants), LookupSymbol(name=STORING_VALUE_DELAY, scope=com.example.calculatorapp.constants), LookupSymbol(name=LONG_CALCULATION_EXPRESSION, scope=com.example.calculatorapp.constants), LookupSymbol(name=SIMPLE_CALCULATION_EXPRESSION_WITHOUT_LAST_CHARACTER, scope=com.example.calculatorapp.constants.CalculatorConstants.Companion), LookupSymbol(name=SMALL_SCREEN_HEIGHT, scope=com.example.calculatorapp.constants), LookupSymbol(name=SMALLER_SCREEN_WIDTH, scope=com.example.calculatorapp.constants), LookupSymbol(name=VIEWFINDER_VALUE_WIDTH, scope=com.example.calculatorapp.constants), LookupSymbol(name=LAST_SESSION_EXPRESSION_KEY, scope=com.example.calculatorapp.constants), LookupSymbol(name=NOT_VALID_EXPRESSION_EXCEPTION_MESSAGE, scope=com.example.calculatorapp.constants.CalculatorConstants.Companion), LookupSymbol(name=NOT_VALID_CALCULATION_EXPRESSION, scope=com.example.calculatorapp.constants.CalculatorConstants.Companion), LookupSymbol(name=SIMPLE_CALCULATION_EXPRESSION, scope=com.example.calculatorapp.constants.CalculatorConstants.Companion), LookupSymbol(name=UserInterfaceConstantsKt, scope=com.example.calculatorapp.constants), LookupSymbol(name=EVALUATED_SIMPLE_CALCULATION_EXPRESSION, scope=com.example.calculatorapp.constants.CalculatorConstants.Companion), LookupSymbol(name=NOT_EXISTING_KEY_EXCEPTION_MESSAGE, scope=com.example.calculatorapp.constants.InfrastructureConstants.Companion), LookupSymbol(name=CalculatorConstants, scope=com.example.calculatorapp.constants), LookupSymbol(name=INITIAL_VIEWFINDER_SCROLL_POSITION, scope=com.example.calculatorapp.constants), LookupSymbol(name=NotExistingKeyException, scope=com.example.calculatorapp.infrastructure.exceptions), LookupSymbol(name=<SAM-CONSTRUCTOR>, scope=com.example.calculatorapp.constants.CalculatorConstants.Companion), LookupSymbol(name=LARGER_SCREEN_WIDTH, scope=com.example.calculatorapp.constants), LookupSymbol(name=<SAM-CONSTRUCTOR>, scope=com.example.calculatorapp.constants.InfrastructureConstants.Companion), LookupSymbol(name=THEME_KEY, scope=com.example.calculatorapp.constants), LookupSymbol(name=<SAM-CONSTRUCTOR>, scope=com.example.calculatorapp.constants.InfrastructureConstants), LookupSymbol(name=<SAM-CONSTRUCTOR>, scope=com.example.calculatorapp.constants.CalculatorConstants), LookupSymbol(name=<SAM-CONSTRUCTOR>, scope=com.example.calculatorapp.constants), LookupSymbol(name=Companion, scope=com.example.calculatorapp.constants.CalculatorConstants)], dirtyClassesFqNames=[com.example.calculatorapp.constants, com.example.calculatorapp.constants.CalculatorConstants, com.example.calculatorapp.constants.CalculatorConstants.Companion, com.example.calculatorapp.constants.InfrastructureConstants, com.example.calculatorapp.constants.InfrastructureConstants.Companion, com.example.calculatorapp.constants.UserInterfaceConstantsKt, com.example.calculatorapp.infrastructure.exceptions.NotExistingKeyException], dirtyClassesFqNamesForceRecompile=[])
java.lang.IllegalStateException: The following FqNames can't be derived from DirtyData.dirtyLookupSymbols: com.example.calculatorapp.constants.InfrastructureConstants.
DirtyData = DirtyData(dirtyLookupSymbols=[LookupSymbol(name=NUMBER_WITH_REST, scope=com.example.calculatorapp.constants.CalculatorConstants.Companion), LookupSymbol(name=NUMBER_WITHOUT_REST, scope=com.example.calculatorapp.constants.CalculatorConstants.Companion), LookupSymbol(name=Companion, scope=com.example.calculatorapp.constants.InfrastructureConstants), LookupSymbol(name=STORING_VALUE_DELAY, scope=com.example.calculatorapp.constants), LookupSymbol(name=LONG_CALCULATION_EXPRESSION, scope=com.example.calculatorapp.constants), LookupSymbol(name=SIMPLE_CALCULATION_EXPRESSION_WITHOUT_LAST_CHARACTER, scope=com.example.calculatorapp.constants.CalculatorConstants.Companion), LookupSymbol(name=SMALL_SCREEN_HEIGHT, scope=com.example.calculatorapp.constants), LookupSymbol(name=SMALLER_SCREEN_WIDTH, scope=com.example.calculatorapp.constants), LookupSymbol(name=VIEWFINDER_VALUE_WIDTH, scope=com.example.calculatorapp.constants), LookupSymbol(name=LAST_SESSION_EXPRESSION_KEY, scope=com.example.calculatorapp.constants), LookupSymbol(name=NOT_VALID_EXPRESSION_EXCEPTION_MESSAGE, scope=com.example.calculatorapp.constants.CalculatorConstants.Companion), LookupSymbol(name=NOT_VALID_CALCULATION_EXPRESSION, scope=com.example.calculatorapp.constants.CalculatorConstants.Companion), LookupSymbol(name=SIMPLE_CALCULATION_EXPRESSION, scope=com.example.calculatorapp.constants.CalculatorConstants.Companion), LookupSymbol(name=UserInterfaceConstantsKt, scope=com.example.calculatorapp.constants), LookupSymbol(name=EVALUATED_SIMPLE_CALCULATION_EXPRESSION, scope=com.example.calculatorapp.constants.CalculatorConstants.Companion), LookupSymbol(name=NOT_EXISTING_KEY_EXCEPTION_MESSAGE, scope=com.example.calculatorapp.constants.InfrastructureConstants.Companion), LookupSymbol(name=CalculatorConstants, scope=com.example.calculatorapp.constants), LookupSymbol(name=INITIAL_VIEWFINDER_SCROLL_POSITION, scope=com.example.calculatorapp.constants), LookupSymbol(name=NotExistingKeyException, scope=com.example.calculatorapp.infrastructure.exceptions), LookupSymbol(name=<SAM-CONSTRUCTOR>, scope=com.example.calculatorapp.constants.CalculatorConstants.Companion), LookupSymbol(name=LARGER_SCREEN_WIDTH, scope=com.example.calculatorapp.constants), LookupSymbol(name=<SAM-CONSTRUCTOR>, scope=com.example.calculatorapp.constants.InfrastructureConstants.Companion), LookupSymbol(name=THEME_KEY, scope=com.example.calculatorapp.constants), LookupSymbol(name=<SAM-CONSTRUCTOR>, scope=com.example.calculatorapp.constants.InfrastructureConstants), LookupSymbol(name=<SAM-CONSTRUCTOR>, scope=com.example.calculatorapp.constants.CalculatorConstants), LookupSymbol(name=<SAM-CONSTRUCTOR>, scope=com.example.calculatorapp.constants), LookupSymbol(name=Companion, scope=com.example.calculatorapp.constants.CalculatorConstants)], dirtyClassesFqNames=[com.example.calculatorapp.constants, com.example.calculatorapp.constants.CalculatorConstants, com.example.calculatorapp.constants.CalculatorConstants.Companion, com.example.calculatorapp.constants.InfrastructureConstants, com.example.calculatorapp.constants.InfrastructureConstants.Companion, com.example.calculatorapp.constants.UserInterfaceConstantsKt, com.example.calculatorapp.infrastructure.exceptions.NotExistingKeyException], dirtyClassesFqNamesForceRecompile=[])
	at org.jetbrains.kotlin.incremental.classpathDiff.ClasspathChangesComputer.toProgramSymbols(ClasspathChangesComputer.kt:381)
	at org.jetbrains.kotlin.incremental.classpathDiff.ClasspathChangesComputer.computeFineGrainedKotlinClassChanges(ClasspathChangesComputer.kt:281)
	at org.jetbrains.kotlin.incremental.classpathDiff.ClasspathChangesComputer.computeKotlinClassChanges(ClasspathChangesComputer.kt:181)
	at org.jetbrains.kotlin.incremental.classpathDiff.ClasspathChangesComputer.computeClassChanges(ClasspathChangesComputer.kt:154)
	at org.jetbrains.kotlin.incremental.classpathDiff.ClasspathChangesComputer.computeChangedAndImpactedSet(ClasspathChangesComputer.kt:104)
	at org.jetbrains.kotlin.incremental.classpathDiff.ClasspathChangesComputer.computeClasspathChanges(ClasspathChangesComputer.kt:72)
	at org.jetbrains.kotlin.incremental.IncrementalJvmCompilerRunner.calculateSourcesToCompileImpl(IncrementalJvmCompilerRunner.kt:194)
	at org.jetbrains.kotlin.incremental.IncrementalJvmCompilerRunner.calculateSourcesToCompile(IncrementalJvmCompilerRunner.kt:132)
	at org.jetbrains.kotlin.incremental.IncrementalJvmCompilerRunner.calculateSourcesToCompile(IncrementalJvmCompilerRunner.kt:62)
	at org.jetbrains.kotlin.incremental.IncrementalCompilerRunner.tryCompileIncrementally$lambda$9$compile(IncrementalCompilerRunner.kt:225)
	at org.jetbrains.kotlin.incremental.IncrementalCompilerRunner.tryCompileIncrementally(IncrementalCompilerRunner.kt:267)
	at org.jetbrains.kotlin.incremental.IncrementalCompilerRunner.compile(IncrementalCompilerRunner.kt:120)
	at org.jetbrains.kotlin.daemon.CompileServiceImplBase.execIncrementalCompiler(CompileServiceImpl.kt:676)
	at org.jetbrains.kotlin.daemon.CompileServiceImplBase.access$execIncrementalCompiler(CompileServiceImpl.kt:92)
	at org.jetbrains.kotlin.daemon.CompileServiceImpl.compile(CompileServiceImpl.kt:1661)
	at java.base/jdk.internal.reflect.DirectMethodHandleAccessor.invoke(Unknown Source)
	at java.base/java.lang.reflect.Method.invoke(Unknown Source)
	at java.rmi/sun.rmi.server.UnicastServerRef.dispatch(Unknown Source)
	at java.rmi/sun.rmi.transport.Transport$1.run(Unknown Source)
	at java.rmi/sun.rmi.transport.Transport$1.run(Unknown Source)
	at java.base/java.security.AccessController.doPrivileged(Unknown Source)
	at java.rmi/sun.rmi.transport.Transport.serviceCall(Unknown Source)
	at java.rmi/sun.rmi.transport.tcp.TCPTransport.handleMessages(Unknown Source)
	at java.rmi/sun.rmi.transport.tcp.TCPTransport$ConnectionHandler.run0(Unknown Source)
	at java.rmi/sun.rmi.transport.tcp.TCPTransport$ConnectionHandler.lambda$run$0(Unknown Source)
	at java.base/java.security.AccessController.doPrivileged(Unknown Source)
	at java.rmi/sun.rmi.transport.tcp.TCPTransport$ConnectionHandler.run(Unknown Source)
	at java.base/java.util.concurrent.ThreadPoolExecutor.runWorker(Unknown Source)
	at java.base/java.util.concurrent.ThreadPoolExecutor$Worker.run(Unknown Source)
	at java.base/java.lang.Thread.run(Unknown Source)


